  Scanning sources for module dependencies...
  NetworkManager.cpp
C:\Program Files (x86)\Windows Kits\10\Include\10.0.19041.0\um\winbase.h(9531,5): warning C5105: macro expansion producing 'defined' has undefined behavior
C:\Users\s239074\Documents\ogl_renderer\ogl_renderer\networking\NetworkManager.cpp(67,55): warning C4267: 'argument': conversion from 'size_t' to '_Elem', possible loss of data
          with
          [
              _Elem=char
          ]
C:\Users\s239074\Documents\ogl_renderer\ogl_renderer\networking\NetworkManager.cpp(112,25): warning C4244: '=': conversion from 'int' to 'T', possible loss of data
          with
          [
              T=float
          ]
C:\Users\s239074\Documents\ogl_renderer\ogl_renderer\networking\NetworkManager.cpp(113,25): warning C4244: '=': conversion from 'int' to 'T', possible loss of data
          with
          [
              T=float
          ]
C:\Users\s239074\Documents\ogl_renderer\ogl_renderer\networking\NetworkManager.cpp(114,25): warning C4244: '=': conversion from 'int' to 'T', possible loss of data
          with
          [
              T=float
          ]
C:\Users\s239074\Documents\ogl_renderer\ogl_renderer\networking\NetworkManager.cpp(223,76): warning C4267: 'argument': conversion from 'size_t' to 'int', possible loss of data
glew32s.lib(glew.obj) : warning LNK4099: PDB '' was not found with 'glew32s.lib(glew.obj)' or at ''; linking object as if no debug info
LINK : warning LNK4098: defaultlib 'MSVCRT' conflicts with use of other libs; use /NODEFAULTLIB:library
LINK : warning LNK4098: defaultlib 'LIBCMT' conflicts with use of other libs; use /NODEFAULTLIB:library
LINK : warning LNK4217: symbol 'glewGetString' defined in 'glew32s.lib(glew.obj)' is imported by 'Diagnostics.obj' in function '"void __cdecl Diagnostics::LogHardware(void)" (?LogHardware@Diagnostics@@YAXXZ)'
LINK : warning LNK4217: symbol '__glewActiveTexture' defined in 'glew32s.lib(glew.obj)' is imported by 'Renderer.obj' in function '"void __cdecl SetUniform(struct Shader const *,unsigned int,struct Texture const *,int)" (?SetUniform@@YAXPEBUShader@@IPEBUTexture@@H@Z)'
LINK : warning LNK4217: symbol '__glewBindBuffer' defined in 'glew32s.lib(glew.obj)' is imported by 'Renderer.obj' in function '"struct Mesh * __cdecl MakeMesh(struct vertex const * const,int,unsigned int const *,int)" (?MakeMesh@@YAPEAUMesh@@QEBUvertex@@HPEBIH@Z)'
LINK : warning LNK4217: symbol '__glewBufferData' defined in 'glew32s.lib(glew.obj)' is imported by 'Renderer.obj' in function '"struct Mesh * __cdecl MakeMesh(struct vertex const * const,int,unsigned int const *,int)" (?MakeMesh@@YAPEAUMesh@@QEBUvertex@@HPEBIH@Z)'
LINK : warning LNK4217: symbol '__glewDeleteBuffers' defined in 'glew32s.lib(glew.obj)' is imported by 'Renderer.obj' in function '"void __cdecl FreeMesh(struct Mesh *)" (?FreeMesh@@YAXPEAUMesh@@@Z)'
LINK : warning LNK4217: symbol '__glewGenBuffers' defined in 'glew32s.lib(glew.obj)' is imported by 'Renderer.obj' in function '"struct Mesh * __cdecl MakeMesh(struct vertex const * const,int,unsigned int const *,int)" (?MakeMesh@@YAPEAUMesh@@QEBUvertex@@HPEBIH@Z)'
LINK : warning LNK4217: symbol '__glewAttachShader' defined in 'glew32s.lib(glew.obj)' is imported by 'Renderer.obj' in function '"struct Shader * __cdecl MakeShader(char const *,char const *)" (?MakeShader@@YAPEAUShader@@PEBD0@Z)'
LINK : warning LNK4217: symbol '__glewCompileShader' defined in 'glew32s.lib(glew.obj)' is imported by 'Renderer.obj' in function '"struct Shader * __cdecl MakeShader(char const *,char const *)" (?MakeShader@@YAPEAUShader@@PEBD0@Z)'
LINK : warning LNK4217: symbol '__glewCreateProgram' defined in 'glew32s.lib(glew.obj)' is imported by 'Renderer.obj' in function '"struct Shader * __cdecl MakeShader(char const *,char const *)" (?MakeShader@@YAPEAUShader@@PEBD0@Z)'
LINK : warning LNK4217: symbol '__glewCreateShader' defined in 'glew32s.lib(glew.obj)' is imported by 'Renderer.obj' in function '"struct Shader * __cdecl MakeShader(char const *,char const *)" (?MakeShader@@YAPEAUShader@@PEBD0@Z)'
LINK : warning LNK4217: symbol '__glewDeleteProgram' defined in 'glew32s.lib(glew.obj)' is imported by 'Renderer.obj' in function '"void __cdecl FreeShader(struct Shader *)" (?FreeShader@@YAXPEAUShader@@@Z)'
LINK : warning LNK4217: symbol '__glewDeleteShader' defined in 'glew32s.lib(glew.obj)' is imported by 'Renderer.obj' in function '"struct Shader * __cdecl MakeShader(char const *,char const *)" (?MakeShader@@YAPEAUShader@@PEBD0@Z)'
LINK : warning LNK4217: symbol '__glewEnableVertexAttribArray' defined in 'glew32s.lib(glew.obj)' is imported by 'Renderer.obj' in function '"struct Mesh * __cdecl MakeMesh(struct vertex const * const,int,unsigned int const *,int)" (?MakeMesh@@YAPEAUMesh@@QEBUvertex@@HPEBIH@Z)'
LINK : warning LNK4217: symbol '__glewGetShaderiv' defined in 'glew32s.lib(glew.obj)' is imported by 'Renderer.obj' in function '"void __cdecl ReportCompileStatus(unsigned int &)" (?ReportCompileStatus@@YAXAEAI@Z)'
LINK : warning LNK4217: symbol '__glewLinkProgram' defined in 'glew32s.lib(glew.obj)' is imported by 'Renderer.obj' in function '"struct Shader * __cdecl MakeShader(char const *,char const *)" (?MakeShader@@YAPEAUShader@@PEBD0@Z)'
LINK : warning LNK4217: symbol '__glewShaderSource' defined in 'glew32s.lib(glew.obj)' is imported by 'Renderer.obj' in function '"struct Shader * __cdecl MakeShader(char const *,char const *)" (?MakeShader@@YAPEAUShader@@PEBD0@Z)'
LINK : warning LNK4217: symbol '__glewUseProgram' defined in 'glew32s.lib(glew.obj)' is imported by 'Renderer.obj' in function '"void __cdecl DrawMesh(struct Shader const *,struct Mesh const *)" (?DrawMesh@@YAXPEBUShader@@PEBUMesh@@@Z)'
LINK : warning LNK4217: symbol '__glewVertexAttribPointer' defined in 'glew32s.lib(glew.obj)' is imported by 'Renderer.obj' in function '"struct Mesh * __cdecl MakeMesh(struct vertex const * const,int,unsigned int const *,int)" (?MakeMesh@@YAPEAUMesh@@QEBUvertex@@HPEBIH@Z)'
LINK : warning LNK4217: symbol '__glewProgramUniform1i' defined in 'glew32s.lib(glew.obj)' is imported by 'Renderer.obj' in function '"void __cdecl SetUniform(struct Shader const *,unsigned int,struct Texture const *,int)" (?SetUniform@@YAXPEBUShader@@IPEBUTexture@@H@Z)'
LINK : warning LNK4217: symbol '__glewProgramUniform3fv' defined in 'glew32s.lib(glew.obj)' is imported by 'Renderer.obj' in function '"void __cdecl SetUniform(struct Shader const *,unsigned int,int,struct glm::vec<3,float,0> const *)" (?SetUniform@@YAXPEBUShader@@IHPEBU?$vec@$02M$0A@@glm@@@Z)'
LINK : warning LNK4217: symbol '__glewProgramUniform4fv' defined in 'glew32s.lib(glew.obj)' is imported by 'Renderer.obj' in function '"void __cdecl SetUniform(struct Shader const *,unsigned int,struct glm::vec<4,float,0> const *)" (?SetUniform@@YAXPEBUShader@@IPEBU?$vec@$03M$0A@@glm@@@Z)'
LINK : warning LNK4217: symbol '__glewProgramUniformMatrix4fv' defined in 'glew32s.lib(glew.obj)' is imported by 'Renderer.obj' in function '"void __cdecl SetUniform(struct Shader const *,unsigned int,struct glm::mat<4,4,float,0> const *)" (?SetUniform@@YAXPEBUShader@@IPEBU?$mat@$03$03M$0A@@glm@@@Z)'
LINK : warning LNK4217: symbol '__glewBindVertexArray' defined in 'glew32s.lib(glew.obj)' is imported by 'Renderer.obj' in function '"void __cdecl DrawMesh(struct Shader const *,struct Mesh const *)" (?DrawMesh@@YAXPEBUShader@@PEBUMesh@@@Z)'
LINK : warning LNK4217: symbol '__glewDeleteVertexArrays' defined in 'glew32s.lib(glew.obj)' is imported by 'Renderer.obj' in function '"void __cdecl FreeMesh(struct Mesh *)" (?FreeMesh@@YAXPEAUMesh@@@Z)'
LINK : warning LNK4217: symbol '__glewGenVertexArrays' defined in 'glew32s.lib(glew.obj)' is imported by 'Renderer.obj' in function '"struct Mesh * __cdecl MakeMesh(struct vertex const * const,int,unsigned int const *,int)" (?MakeMesh@@YAPEAUMesh@@QEBUvertex@@HPEBIH@Z)'
  ogl_renderer.vcxproj -> C:\Users\s239074\Documents\ogl_renderer\x64\Debug\ogl_renderer.exe
