c:\users\14253\jungle\personal\code\ogl_renderer\ogl_renderer\x64\debug\vc143.pdb
c:\users\14253\jungle\personal\code\ogl_renderer\ogl_renderer\x64\debug\vc143.idb
c:\users\14253\jungle\personal\code\ogl_renderer\ogl_renderer\x64\debug\physics.obj
c:\users\14253\jungle\personal\code\ogl_renderer\ogl_renderer\x64\debug\main.obj
c:\users\14253\jungle\personal\code\ogl_renderer\ogl_renderer\x64\debug\transform.obj
c:\users\14253\jungle\personal\code\ogl_renderer\ogl_renderer\x64\debug\scene.obj
c:\users\14253\jungle\personal\code\ogl_renderer\ogl_renderer\x64\debug\renderer.obj
c:\users\14253\jungle\personal\code\ogl_renderer\ogl_renderer\x64\debug\meshimporter.obj
c:\users\14253\jungle\personal\code\ogl_renderer\ogl_renderer\x64\debug\material.obj
c:\users\14253\jungle\personal\code\ogl_renderer\ogl_renderer\x64\debug\camera.obj
c:\users\14253\jungle\personal\code\ogl_renderer\ogl_renderer\x64\debug\primitives.obj
c:\users\14253\jungle\personal\code\ogl_renderer\ogl_renderer\x64\debug\rigidbody.obj
c:\users\14253\jungle\personal\code\ogl_renderer\ogl_renderer\x64\debug\gameobject.obj
c:\users\14253\jungle\personal\code\ogl_renderer\ogl_renderer\x64\debug\diagnostics.obj
c:\users\14253\jungle\personal\code\ogl_renderer\ogl_renderer\x64\debug\context.obj
c:\users\14253\jungle\personal\code\ogl_renderer\ogl_renderer\x64\debug\collider.obj
c:\users\14253\jungle\personal\code\ogl_renderer\x64\debug\ogl_renderer.pdb
c:\users\14253\jungle\personal\code\ogl_renderer\ogl_renderer\x64\debug\ogl_renderer.tlog\cl.command.1.tlog
c:\users\14253\jungle\personal\code\ogl_renderer\ogl_renderer\x64\debug\ogl_renderer.tlog\cl.items.tlog
c:\users\14253\jungle\personal\code\ogl_renderer\ogl_renderer\x64\debug\ogl_renderer.tlog\cl.read.1.tlog
c:\users\14253\jungle\personal\code\ogl_renderer\ogl_renderer\x64\debug\ogl_renderer.tlog\cl.write.1.tlog
c:\users\14253\jungle\personal\code\ogl_renderer\ogl_renderer\x64\debug\ogl_renderer.tlog\link-cvtres.read.1.tlog
c:\users\14253\jungle\personal\code\ogl_renderer\ogl_renderer\x64\debug\ogl_renderer.tlog\link-cvtres.write.1.tlog
c:\users\14253\jungle\personal\code\ogl_renderer\ogl_renderer\x64\debug\ogl_renderer.tlog\link-rc.read.1.tlog
c:\users\14253\jungle\personal\code\ogl_renderer\ogl_renderer\x64\debug\ogl_renderer.tlog\link-rc.write.1.tlog
c:\users\14253\jungle\personal\code\ogl_renderer\ogl_renderer\x64\debug\ogl_renderer.tlog\link.24648-cvtres.read.1.tlog
c:\users\14253\jungle\personal\code\ogl_renderer\ogl_renderer\x64\debug\ogl_renderer.tlog\link.24648-cvtres.write.1.tlog
c:\users\14253\jungle\personal\code\ogl_renderer\ogl_renderer\x64\debug\ogl_renderer.tlog\link.24648-rc.read.1.tlog
c:\users\14253\jungle\personal\code\ogl_renderer\ogl_renderer\x64\debug\ogl_renderer.tlog\link.24648-rc.write.1.tlog
c:\users\14253\jungle\personal\code\ogl_renderer\ogl_renderer\x64\debug\ogl_renderer.tlog\link.24648.read.1.tlog
c:\users\14253\jungle\personal\code\ogl_renderer\ogl_renderer\x64\debug\ogl_renderer.tlog\link.24648.read.2.tlog
c:\users\14253\jungle\personal\code\ogl_renderer\ogl_renderer\x64\debug\ogl_renderer.tlog\link.24648.read.3.tlog
c:\users\14253\jungle\personal\code\ogl_renderer\ogl_renderer\x64\debug\ogl_renderer.tlog\link.24648.read.4.tlog
c:\users\14253\jungle\personal\code\ogl_renderer\ogl_renderer\x64\debug\ogl_renderer.tlog\link.24648.write.1.tlog
c:\users\14253\jungle\personal\code\ogl_renderer\ogl_renderer\x64\debug\ogl_renderer.tlog\link.command.1.tlog
c:\users\14253\jungle\personal\code\ogl_renderer\ogl_renderer\x64\debug\ogl_renderer.tlog\link.read.1.tlog
c:\users\14253\jungle\personal\code\ogl_renderer\ogl_renderer\x64\debug\ogl_renderer.tlog\link.read.2.tlog
c:\users\14253\jungle\personal\code\ogl_renderer\ogl_renderer\x64\debug\ogl_renderer.tlog\link.read.3.tlog
c:\users\14253\jungle\personal\code\ogl_renderer\ogl_renderer\x64\debug\ogl_renderer.tlog\link.read.4.tlog
c:\users\14253\jungle\personal\code\ogl_renderer\ogl_renderer\x64\debug\ogl_renderer.tlog\link.write.1.tlog
